<?xml version="1.0" encoding="UTF-8"?>
<!-- Generated by org.testng.reporters.JUnitXMLReporter -->
<testsuite ignored="8" hostname="DESKTOP-C1QDBOQ" failures="2" tests="2" name="Sanity" time="14.715" errors="0" timestamp="2023-03-16T13:09:48 IST">
  <testcase classname="com.icehrm_automation.login.Sample5" name="sample5Test" time="0.046">
    <failure type="org.openqa.selenium.NoSuchWindowException" message="no such window: target window already closed
from unknown error: web view not found
  (Session info: MicrosoftEdge=110.0.1587.69)
Build info: version: &amp;apos;4.8.1&amp;apos;, revision: &amp;apos;8ebccac989&amp;apos;
System info: os.name: &amp;apos;Windows 11&amp;apos;, os.arch: &amp;apos;amd64&amp;apos;, os.version: &amp;apos;10.0&amp;apos;, java.version: &amp;apos;17.0.5&amp;apos;
Driver info: org.openqa.selenium.edge.EdgeDriver
Command: [c989571a7f3289deb53e99e4e97121b0, getTitle {}]
Capabilities {acceptInsecureCerts: false, browserName: msedge, browserVersion: 110.0.1587.69, ms:edgeOptions: {debuggerAddress: localhost:58755}, msedge: {msedgedriverVersion: 110.0.1587.69 (f970cc122bfe..., userDataDir: C:\Users\SAPANA~1\AppData\L...}, networkConnectionEnabled: false, pageLoadStrategy: normal, platformName: WINDOWS, proxy: Proxy(), se:cdp: ws://localhost:58755/devtoo..., se:cdpVersion: 110.0.1587.69, setWindowRect: true, strictFileInteractability: false, timeouts: {implicit: 0, pageLoad: 300000, script: 30000}, unhandledPromptBehavior: dismiss and notify, webauthn:extension:credBlob: true, webauthn:extension:largeBlob: true, webauthn:virtualAuthenticators: true}
Session ID: c989571a7f3289deb53e99e4e97121b0">
      <![CDATA[org.openqa.selenium.NoSuchWindowException: no such window: target window already closed
from unknown error: web view not found
  (Session info: MicrosoftEdge=110.0.1587.69)
Build info: version: '4.8.1', revision: '8ebccac989'
System info: os.name: 'Windows 11', os.arch: 'amd64', os.version: '10.0', java.version: '17.0.5'
Driver info: org.openqa.selenium.edge.EdgeDriver
Command: [c989571a7f3289deb53e99e4e97121b0, getTitle {}]
Capabilities {acceptInsecureCerts: false, browserName: msedge, browserVersion: 110.0.1587.69, ms:edgeOptions: {debuggerAddress: localhost:58755}, msedge: {msedgedriverVersion: 110.0.1587.69 (f970cc122bfe..., userDataDir: C:\Users\SAPANA~1\AppData\L...}, networkConnectionEnabled: false, pageLoadStrategy: normal, platformName: WINDOWS, proxy: Proxy(), se:cdp: ws://localhost:58755/devtoo..., se:cdpVersion: 110.0.1587.69, setWindowRect: true, strictFileInteractability: false, timeouts: {implicit: 0, pageLoad: 300000, script: 30000}, unhandledPromptBehavior: dismiss and notify, webauthn:extension:credBlob: true, webauthn:extension:largeBlob: true, webauthn:virtualAuthenticators: true}
Session ID: c989571a7f3289deb53e99e4e97121b0
at org.openqa.selenium.remote.codec.w3c.W3CHttpResponseCodec.createException(W3CHttpResponseCodec.java:200)
at org.openqa.selenium.remote.codec.w3c.W3CHttpResponseCodec.decode(W3CHttpResponseCodec.java:133)
at org.openqa.selenium.remote.codec.w3c.W3CHttpResponseCodec.decode(W3CHttpResponseCodec.java:53)
at org.openqa.selenium.remote.HttpCommandExecutor.execute(HttpCommandExecutor.java:184)
at org.openqa.selenium.remote.service.DriverCommandExecutor.invokeExecute(DriverCommandExecutor.java:167)
at org.openqa.selenium.remote.service.DriverCommandExecutor.execute(DriverCommandExecutor.java:142)
at org.openqa.selenium.remote.RemoteWebDriver.execute(RemoteWebDriver.java:543)
at org.openqa.selenium.remote.RemoteWebDriver.execute(RemoteWebDriver.java:598)
at org.openqa.selenium.remote.RemoteWebDriver.execute(RemoteWebDriver.java:602)
at org.openqa.selenium.remote.RemoteWebDriver.getTitle(RemoteWebDriver.java:302)
at com.icehrm_automation.login.Sample5.sample5Test(Sample5.java:24)
at java.base/java.util.concurrent.ThreadPoolExecutor.runWorker(ThreadPoolExecutor.java:1136)
at java.base/java.util.concurrent.ThreadPoolExecutor$Worker.run(ThreadPoolExecutor.java:635)
at java.base/java.lang.Thread.run(Thread.java:833)
... Removed 17 stack frames]]>
    </failure>
  </testcase> <!-- sample5Test -->
  <testcase classname="com.icehrm_automation.login.Sample5" name="sample5Test2" time="0.008">
    <failure type="org.openqa.selenium.NoSuchWindowException" message="no such window: target window already closed
from unknown error: web view not found
  (Session info: MicrosoftEdge=110.0.1587.69)
Build info: version: &amp;apos;4.8.1&amp;apos;, revision: &amp;apos;8ebccac989&amp;apos;
System info: os.name: &amp;apos;Windows 11&amp;apos;, os.arch: &amp;apos;amd64&amp;apos;, os.version: &amp;apos;10.0&amp;apos;, java.version: &amp;apos;17.0.5&amp;apos;
Driver info: org.openqa.selenium.edge.EdgeDriver
Command: [c989571a7f3289deb53e99e4e97121b0, getTitle {}]
Capabilities {acceptInsecureCerts: false, browserName: msedge, browserVersion: 110.0.1587.69, ms:edgeOptions: {debuggerAddress: localhost:58755}, msedge: {msedgedriverVersion: 110.0.1587.69 (f970cc122bfe..., userDataDir: C:\Users\SAPANA~1\AppData\L...}, networkConnectionEnabled: false, pageLoadStrategy: normal, platformName: WINDOWS, proxy: Proxy(), se:cdp: ws://localhost:58755/devtoo..., se:cdpVersion: 110.0.1587.69, setWindowRect: true, strictFileInteractability: false, timeouts: {implicit: 0, pageLoad: 300000, script: 30000}, unhandledPromptBehavior: dismiss and notify, webauthn:extension:credBlob: true, webauthn:extension:largeBlob: true, webauthn:virtualAuthenticators: true}
Session ID: c989571a7f3289deb53e99e4e97121b0">
      <![CDATA[org.openqa.selenium.NoSuchWindowException: no such window: target window already closed
from unknown error: web view not found
  (Session info: MicrosoftEdge=110.0.1587.69)
Build info: version: '4.8.1', revision: '8ebccac989'
System info: os.name: 'Windows 11', os.arch: 'amd64', os.version: '10.0', java.version: '17.0.5'
Driver info: org.openqa.selenium.edge.EdgeDriver
Command: [c989571a7f3289deb53e99e4e97121b0, getTitle {}]
Capabilities {acceptInsecureCerts: false, browserName: msedge, browserVersion: 110.0.1587.69, ms:edgeOptions: {debuggerAddress: localhost:58755}, msedge: {msedgedriverVersion: 110.0.1587.69 (f970cc122bfe..., userDataDir: C:\Users\SAPANA~1\AppData\L...}, networkConnectionEnabled: false, pageLoadStrategy: normal, platformName: WINDOWS, proxy: Proxy(), se:cdp: ws://localhost:58755/devtoo..., se:cdpVersion: 110.0.1587.69, setWindowRect: true, strictFileInteractability: false, timeouts: {implicit: 0, pageLoad: 300000, script: 30000}, unhandledPromptBehavior: dismiss and notify, webauthn:extension:credBlob: true, webauthn:extension:largeBlob: true, webauthn:virtualAuthenticators: true}
Session ID: c989571a7f3289deb53e99e4e97121b0
at org.openqa.selenium.remote.codec.w3c.W3CHttpResponseCodec.createException(W3CHttpResponseCodec.java:200)
at org.openqa.selenium.remote.codec.w3c.W3CHttpResponseCodec.decode(W3CHttpResponseCodec.java:133)
at org.openqa.selenium.remote.codec.w3c.W3CHttpResponseCodec.decode(W3CHttpResponseCodec.java:53)
at org.openqa.selenium.remote.HttpCommandExecutor.execute(HttpCommandExecutor.java:184)
at org.openqa.selenium.remote.service.DriverCommandExecutor.invokeExecute(DriverCommandExecutor.java:167)
at org.openqa.selenium.remote.service.DriverCommandExecutor.execute(DriverCommandExecutor.java:142)
at org.openqa.selenium.remote.RemoteWebDriver.execute(RemoteWebDriver.java:543)
at org.openqa.selenium.remote.RemoteWebDriver.execute(RemoteWebDriver.java:598)
at org.openqa.selenium.remote.RemoteWebDriver.execute(RemoteWebDriver.java:602)
at org.openqa.selenium.remote.RemoteWebDriver.getTitle(RemoteWebDriver.java:302)
at com.icehrm_automation.login.Sample5.sample5Test2(Sample5.java:29)
at java.base/java.util.concurrent.ThreadPoolExecutor.runWorker(ThreadPoolExecutor.java:1136)
at java.base/java.util.concurrent.ThreadPoolExecutor$Worker.run(ThreadPoolExecutor.java:635)
at java.base/java.lang.Thread.run(Thread.java:833)
... Removed 17 stack frames]]>
    </failure>
  </testcase> <!-- sample5Test2 -->
  <testcase classname="com.icehrm_automation.login.LoginTest1" name="verifyLoginWithInvalidUsername" time="0.0">
    <ignored/>
  </testcase> <!-- verifyLoginWithInvalidUsername -->
  <testcase classname="com.icehrm_automation.login.Sample3" name="sample3Test" time="0.0">
    <ignored/>
  </testcase> <!-- sample3Test -->
  <testcase classname="com.icehrm_automation.login.Sample" name="sampleTest" time="0.0">
    <ignored/>
  </testcase> <!-- sampleTest -->
  <testcase classname="com.icehrm_automation.login.Sample1" name="sample1Test" time="0.0">
    <ignored/>
  </testcase> <!-- sample1Test -->
  <testcase classname="com.icehrm_automation.login.Sample5" name="sample5Test3" time="0.0">
    <ignored/>
  </testcase> <!-- sample5Test3 -->
  <testcase classname="com.icehrm_automation.login.Sample2" name="sample2Test" time="0.0">
    <ignored/>
  </testcase> <!-- sample2Test -->
  <testcase classname="com.icehrm_automation.login.Sample5" name="sample5Test4" time="0.0">
    <ignored/>
  </testcase> <!-- sample5Test4 -->
  <testcase classname="com.icehrm_automation.login.Sample4" name="sample4Test" time="0.0">
    <ignored/>
  </testcase> <!-- sample4Test -->
</testsuite> <!-- Sanity -->
